<?xml version="1.0" encoding="UTF-8"?>
<!-- Generated by org.testng.reporters.JUnitReportReporter -->
<testsuite hostname="ishas-MBP" name="com.sqa.im.helpers.PowTest" tests="2" failures="0" timestamp="28 Jan 2017 22:03:28 GMT" time="0.030" errors="0">
  <testcase name="test1" time="0.023" classname="com.sqa.im.helpers.PowTest"/>
  <testcase name="test1" time="0.007" classname="com.sqa.im.helpers.PowTest"/>
</testsuite> <!-- com.sqa.im.helpers.PowTest -->
