<?xml version="1.0" encoding="UTF-8"?>
<!-- Generated by org.testng.reporters.JUnitReportReporter -->
<testsuite hostname="ishas-MBP" name="com.sqa.im.CraigslistTest" tests="4" failures="0" timestamp="29 Jan 2017 00:58:49 GMT" time="27.627" errors="0">
  <testcase name="testCraigslist" time="6.978" classname="com.sqa.im.CraigslistTest"/>
  <testcase name="testCraigslist" time="5.697" classname="com.sqa.im.CraigslistTest"/>
  <testcase name="testCraigslist" time="7.383" classname="com.sqa.im.CraigslistTest"/>
  <testcase name="testCraigslist" time="7.569" classname="com.sqa.im.CraigslistTest"/>
</testsuite> <!-- com.sqa.im.CraigslistTest -->
