<?xml version="1.0" encoding="UTF-8"?>
<!-- Generated by org.testng.reporters.JUnitReportReporter -->
<testsuite hostname="ishas-MBP" name="com.sqa.im.helpers.QAMathSubTest" tests="6" failures="0" timestamp="28 Jan 2017 21:59:44 GMT" time="0.045" errors="0">
  <testcase name="test1" time="0.004" classname="com.sqa.im.helpers.QAMathSubTest"/>
  <testcase name="test1" time="0.004" classname="com.sqa.im.helpers.QAMathSubTest"/>
  <testcase name="test1" time="0.005" classname="com.sqa.im.helpers.QAMathSubTest"/>
  <testcase name="test1" time="0.006" classname="com.sqa.im.helpers.QAMathSubTest"/>
  <testcase name="test1" time="0.005" classname="com.sqa.im.helpers.QAMathSubTest"/>
  <testcase name="test1" time="0.021" classname="com.sqa.im.helpers.QAMathSubTest"/>
</testsuite> <!-- com.sqa.im.helpers.QAMathSubTest -->
